build/app/outputs/mapping/release/seeds.txt
com.example.cinema_mobile.MainActivity
com.example.cinema_mobile.MainActivity: MainActivity()
...
kotlin.jvm.internal.FunctionReference: kotlin.reflect.KFunction getReflected()
com.dexterous.flutterlocalnotifications.models.NotificationDetails: java.lang.Integer id
com.dexterous.flutterlocalnotifications.models.NotificationChannelAction: com.dexterous.flutterlocalnotifications.models.NotificationChannelAction Update
androidx.window.embedding.SplitController$Companion: SplitController$Companion(kotlin.jvm.internal.DefaultConstructorMarker)
androidx.window.embedding.SplitRule: int layoutDirection
com.google.android.gms.internal.measurement.zzgc: long zzm
kotlinx.coroutines.JobSupport$ChildCompletion
org.threeten.bp.ZoneOffset
com.dexterous.flutterlocalnotifications.models.NotificationDetails: java.lang.String LINES
org.threeten.bp.LocalDate
com.google.firebase.installations.remote.InstallationResponse$ResponseCode: com.google.firebase.installations.remote.InstallationResponse$ResponseCode[] values()
com.google.android.gms.internal.measurement.zzgc: java.lang.String zzp
com.google.android.gms.internal.mlkit_vision_barcode_bundled.zzjc: com.google.android.gms.internal.mlkit_vision_barcode_bundled.zzio zzj
com.google.android.gms.internal.mlkit_vision_barcode.zzom: android.os.Parcelable$Creator CREATOR
com.dexterous.flutterlocalnotifications.models.SoundSource
com.dexterous.flutterlocalnotifications.models.Time
org.chromium.support_lib_boundary.WebViewRendererClientBoundaryInterface
androidx.window.layout.SidecarCompat$registerConfigurationChangeListener$configChangeObserver$1: android.app.Activity $activity
com.google.android.gms.measurement.internal.AppMeasurementDynamiteService: void getAppInstanceId(com.google.android.gms.internal.measurement.zzcf)
org.chromium.support_lib_boundary.WebSettingsBoundaryInterface$ForceDarkBehavior
org.chromium.support_lib_boundary.WebMessagePortBoundaryInterface: void setWebMessageCallback(java.lang.reflect.InvocationHandler,android.os.Handler)
androidx.camera.core.impl.utils.executor.SequentialExecutor$WorkerRunningState: androidx.camera.core.impl.utils.executor.SequentialExecutor$WorkerRunningState[] values()
com.google.barhopper.deeplearning.zzi: int zzh
com.google.barhopper.deeplearning.zzi: com.google.barhopper.deeplearning.zzi zza
com.dexterous.flutterlocalnotifications.FlutterLocalNotificationsPlugin: void setStyle(android.content.Context,com.dexterous.flutterlocalnotifications.models.NotificationDetails,androidx.core.app.NotificationCompat$Builder)
io.flutter.embedding.engine.FlutterOverlaySurface: FlutterOverlaySurface(int,android.view.Surface)
kotlinx.coroutines.android.AndroidDispatcherFactory: kotlinx.coroutines.MainCoroutineDispatcher createDispatcher(java.util.List)
com.google.android.gms.internal.mlkit_vision_barcode_bundled.zzcd: java.lang.String zzj
androidx.window.layout.SidecarWindowBackend: java.util.concurrent.CopyOnWriteArrayList windowLayoutChangeCallbacks
com.google.android.gms.internal.mlkit_vision_barcode_bundled.zzih: java.lang.String zzn
kotlinx.coroutines.AbstractCoroutine
com.google.android.gms.internal.mlkit_vision_barcode.zzop: android.os.Parcelable$Creator CREATOR
androidx.window.layout.WindowMetricsCalculatorDecorator: androidx.window.layout.WindowMetricsCalculator decorate(androidx.window.layout.WindowMetricsCalculator)
kotlinx.coroutines.scheduling.LimitingDispatcher
android.support.v4.media.AudioAttributesImplApi26Parcelizer: androidx.media.AudioAttributesImplApi26 read(androidx.versionedparcelable.VersionedParcel)
io.flutter.view.AccessibilityViewEmbedder: void addChildrenToFlutterNode(android.view.accessibility.AccessibilityNodeInfo,android.view.View,android.view.accessibility.AccessibilityNodeInfo)
com.dexterous.flutterlocalnotifications.FlutterLocalNotificationsPlugin: void onMethodCall(io.flutter.plugin.common.MethodCall,io.flutter.plugin.common.MethodChannel$Result)
androidx.window.layout.ExtensionWindowLayoutInfoBackend$MulticastConsumer: ExtensionWindowLayoutInfoBackend$MulticastConsumer(android.app.Activity)