build/app/outputs/mapping/release/mapping.txt
# compiler: R8
# compiler_version: 2.1.62
# min_api: 22
# pg_map_id: ce1c36c
# common_typos_disable
...
com.google.android.gms.internal.mlkit_vision_barcode.zzby -> f.a.a.b.e.g.y0:
    java.lang.Object zza -> l
    java.lang.Object zzb -> m
com.google.android.gms.internal.mlkit_vision_barcode.zzbz -> f.a.a.b.e.g.z0:
    com.google.android.gms.internal.mlkit_vision_barcode.zzbw zzb(java.lang.Object) -> a
    com.google.android.gms.internal.mlkit_vision_barcode.zzbz zzd(java.lang.Object) -> e
    com.google.android.gms.internal.mlkit_vision_barcode.zzbz zze(java.lang.Iterable) -> f
    com.google.android.gms.internal.mlkit_vision_barcode.zzcc zzf() -> g
com.google.android.gms.internal.mlkit_vision_barcode.zzc -> f.a.a.b.e.g.a1:
    void zza(android.os.Parcel,android.os.Parcelable) -> a
    void zzb(android.os.Parcel,android.os.IInterface) -> b
com.google.android.gms.internal.mlkit_vision_barcode.zzca -> f.a.a.b.e.g.b1:
    com.google.android.gms.internal.mlkit_vision_barcode.zzcc zza -> n
    java.lang.Object zza(int) -> a
com.google.android.gms.internal.mlkit_vision_barcode.zzcb -> f.a.a.b.e.g.c1:
    int zza -> n
    int zzb -> o
    com.google.android.gms.internal.mlkit_vision_barcode.zzcc zzc -> p
    int zzb() -> e
    int zzc() -> f
    java.lang.Object[] zze() -> k
    com.google.android.gms.internal.mlkit_vision_barcode.zzcc zzf(int,int) -> l
com.google.android.gms.internal.mlkit_vision_barcode.zzcc -> f.a.a.b.e.g.d1:
    com.google.android.gms.internal.mlkit_vision_barcode.zzdb zza -> m
    int zza(java.lang.Object[],int) -> b
    com.google.android.gms.internal.mlkit_vision_barcode.zzda zzd() -> g
    com.google.android.gms.internal.mlkit_vision_barcode.zzcc zzf(int,int) -> l
    com.google.android.gms.internal.mlkit_vision_barcode.zzcc zzg(java.lang.Object[]) -> p
    com.google.android.gms.internal.mlkit_vision_barcode.zzcc zzh(java.lang.Object[],int) -> q
    com.google.android.gms.internal.mlkit_vision_barcode.zzcc zzi(java.lang.Object,java.lang.Object) -> s
    com.google.android.gms.internal.mlkit_vision_barcode.zzdb zzj(int) -> t
com.google.android.gms.internal.mlkit_vision_barcode.zzcd -> f.a.a.b.e.g.e1:
com.google.android.gms.internal.mlkit_vision_barcode.zzce -> f.a.a.b.e.g.f1:
    com.google.android.gms.internal.mlkit_vision_barcode.zzbx zzc -> n
    com.google.android.gms.internal.mlkit_vision_barcode.zzcf zza -> l
    com.google.android.gms.internal.mlkit_vision_barcode.zzcf zzb -> m
    com.google.android.gms.internal.mlkit_vision_barcode.zzbx zza() -> a
    com.google.android.gms.internal.mlkit_vision_barcode.zzbx zzb() -> b
    com.google.android.gms.internal.mlkit_vision_barcode.zzce zzc(java.lang.Object,java.lang.Object) -> c
    com.google.android.gms.internal.mlkit_vision_barcode.zzcf zzd() -> d
    com.google.android.gms.internal.mlkit_vision_barcode.zzcf zze() -> e
    com.google.android.gms.internal.mlkit_vision_barcode.zzcf zzf() -> f
com.google.android.gms.internal.mlkit_vision_barcode.zzcf -> f.a.a.b.e.g.g1:
    com.google.android.gms.internal.mlkit_vision_barcode.zzcc zza -> m
    com.google.android.gms.internal.mlkit_vision_barcode.zzcc zzf() -> l
    com.google.android.gms.internal.mlkit_vision_barcode.zzcc zzg() -> p
com.google.android.gms.internal.mlkit_vision_barcode.zzcg -> f.a.a.b.e.g.h1:
    void zza(java.util.Iterator) -> a
com.google.android.gms.internal.mlkit_vision_barcode.zzch -> f.a.a.b.e.g.i1:
    java.util.List zzc(java.lang.Object) -> b
com.google.android.gms.internal.mlkit_vision_barcode.zzcj -> f.a.a.b.e.g.j1:
    java.lang.Object zza(java.lang.Object) -> a
com.google.android.gms.internal.mlkit_vision_barcode.zzck -> f.a.a.b.e.g.k1:
    java.util.Map zza() -> b
com.google.android.gms.internal.mlkit_vision_barcode.zzcl -> f.a.a.b.e.g.l1:
    java.util.Map zzb -> l
com.google.android.gms.internal.mlkit_vision_barcode.zzcm -> f.a.a.b.e.g.m1:
    java.util.Map zza -> l
com.google.android.gms.internal.mlkit_vision_barcode.zzcn -> f.a.a.b.e.g.n1:
    java.util.Collection zzc -> m
    java.util.Set zza -> l
    java.util.Set zza() -> a