build/app/outputs/mapping/release/usage.txt
com.example.cinema_mobile.R$xml
com.example.cinema_mobile.R$layout
com.example.cinema_mobile.R$color
com.example.cinema_mobile.R$styleable
com.example.cinema_mobile.R$integer
com.example.cinema_mobile.R$mipmap
com.example.cinema_mobile.R$raw
com.example.cinema_mobile.R$dimen
com.example.cinema_mobile.R$attr
com.example.cinema_mobile.R$string
com.example.cinema_mobile.R$drawable
com.example.cinema_mobile.R
com.example.cinema_mobile.BuildConfig
com.example.cinema_mobile.R$id
com.example.cinema_mobile.R$style
...
com.google.common.util.concurrent.CombinedFuture
androidx.camera.core.ImageCapture$ImageCaptureRequest:
    void <init>(int,int,android.util.Rational,android.graphics.Rect,android.graphics.Matrix,java.util.concurrent.Executor,androidx.camera.core.ImageCapture$OnImageCapturedCallback)
com.google.common.collect.AbstractMapBasedMultiset$2
com.google.common.collect.ConcurrentHashMultiset$EntrySet
kotlinx.coroutines.flow.FlowKt__ZipKt$combine$$inlined$combineUnsafe$FlowKt__ZipKt$1
io.flutter.view.AccessibilityBridge$SemanticsNode:
    private void log(java.lang.String,boolean)
androidx.camera.camera2.interop.Camera2Interop
androidx.core.os.ExecutorCompat:
    private void <init>()
com.google.common.cache.ForwardingCache$SimpleForwardingCache
androidx.core.view.animation.PathInterpolatorApi14
com.google.common.hash.LittleEndianByteArray$UnsafeByteArray$2
androidx.exifinterface.media.ExifInterface$ExifAttribute:
    public static androidx.exifinterface.media.ExifInterface$ExifAttribute createSLong(int,java.nio.ByteOrder)
    public static androidx.exifinterface.media.ExifInterface$ExifAttribute createSRational(androidx.exifinterface.media.ExifInterface$Rational,java.nio.ByteOrder)
    public static androidx.exifinterface.media.ExifInterface$ExifAttribute createDouble(double,java.nio.ByteOrder)
    public static final long BYTES_OFFSET_UNKNOWN
com.google.common.collect.LinkedListMultimap$Node
com.google.android.gms.internal.common.zzs
androidx.fragment.app.FragmentActivity:
    public void <init>(int)
    public void supportFinishAfterTransition()
    public void setEnterSharedElementCallback(androidx.core.app.SharedElementCallback)
    public void setExitSharedElementCallback(androidx.core.app.SharedElementCallback)
    public void supportPostponeEnterTransition()
    public void supportStartPostponedEnterTransition()
    public androidx.loader.app.LoaderManager getSupportLoaderManager()
    public void startActivityFromFragment(androidx.fragment.app.Fragment,android.content.Intent,int)
    public void startIntentSenderFromFragment(androidx.fragment.app.Fragment,android.content.IntentSender,int,android.content.Intent,int,int,int,android.os.Bundle)
    void requestPermissionsFromFragment(androidx.fragment.app.Fragment,java.lang.String[],int)
    private static final java.lang.String TAG
    static final java.lang.String FRAGMENTS_TAG
    static final java.lang.String NEXT_CANDIDATE_REQUEST_INDEX_TAG
    static final java.lang.String ALLOCATED_REQUEST_INDICIES_TAG
    static final java.lang.String REQUEST_FRAGMENT_WHO_TAG
    static final int MAX_NUM_PENDING_FRAGMENT_ACTIVITY_RESULTS
com.google.common.collect.BoundType
androidx.camera.camera2.internal.ProcessingCaptureSession$SessionProcessorCaptureCallback:
    private synthetic void lambda$onCaptureSequenceCompleted$1()
    private synthetic void lambda$onCaptureFailed$0()
    public void setCameraCaptureCallbacks(java.util.List)
    public void onCaptureStarted(int,long)
    public void onCaptureProcessStarted(int)
    public void onCaptureFailed(int)
    public void onCaptureSequenceCompleted(int)
    public void onCaptureSequenceAborted(int)
    public void onCaptureCompleted(long,int,java.util.Map)
org.intellij.lang.annotations.JdkConstants$ListSelectionMode
io.flutter.embedding.engine.systemchannels.MouseCursorChannel:
    public void synthesizeMethodCall(io.flutter.plugin.common.MethodCall,io.flutter.plugin.common.MethodChannel$Result)
    private static final java.lang.String TAG
com.google.common.collect.ArrayTable
com.google.common.math.BigIntegerMath
com.google.android.gms.measurement.zzd:
    abstract java.lang.Boolean zzc()
    abstract java.lang.Double zzd()
    abstract java.lang.Integer zze()
    abstract java.lang.Long zzf()
    abstract java.lang.String zzl()
    abstract java.util.Map zzn(boolean)
com.google.common.collect.RegularImmutableSet